"../../../Engine/Content/Animation/DefaultAnimCurveCompressionSettings.uasset" 0
"../../../Engine/Content/ArtTools/RenderToTexture/Enums/RenderToTexture_Enum.uasset" 1
"../../../Engine/Content/ArtTools/RenderToTexture/Enums/RenderToTexture_Flipbook_Enum.uasset" 2
"../../../Engine/Content/ArtTools/RenderToTexture/Enums/RenderToTexture_Imposter_Enum.uasset" 3
"../../../Engine/Content/EditorBlueprintResources/StandardMacros.uasset" 4
"../../../Engine/Content/ArtTools/RenderToTexture/Enums/EIntTypes.uasset" 5
"../../../Engine/Content/ArtTools/RenderToTexture/Macros/RenderToTextureFunctionLibrary.uasset" 6
"../../../Engine/Content/ArtTools/RenderToTexture/Enums/EFloatTypes.uasset" 7
"../../../Engine/Content/ArtTools/RenderToTexture/Macros/RenderToTextureMacros.uasset" 8
"../../../Engine/Content/Functions/Engine_MaterialFunctions01/Opacity/CameraDepthFade.uasset" 9
"../../../Engine/Content/EngineMaterials/T_Default_Material_Grid_M.uasset" 10
"../../../Engine/Content/EngineMaterials/T_Default_Material_Grid_N.uasset" 11
"../../../Engine/Content/EngineMaterials/WorldGridMaterial.uasset" 12
"../../../Engine/Content/ArtTools/RenderToTexture/Meshes/S_1_Unit_Plane.uasset" 13
"../../../Engine/Content/EngineMaterials/DefaultMaterial.uasset" 14
"../../../Engine/Content/BasicShapes/Cone.uasset" 15
"../../../Engine/Content/BasicShapes/Cylinder.uasset" 16
"../../../Engine/Content/BasicShapes/Sphere.uasset" 17
"../../../Engine/Content/EngineMaterials/DefaultPhysicalMaterial.uasset" 18
"../../../Engine/Content/BufferVisualization/AmbientOcclusion.uasset" 19
"../../../Engine/Content/BufferVisualization/BaseColor.uasset" 20
"../../../Engine/Content/BufferVisualization/CustomDepth.uasset" 21
"../../../Engine/Content/Functions/Engine_MaterialFunctions02/Utility/VectorLength.uasset" 22
"../../../Engine/Content/BufferVisualization/CustomDepthWorldUnits.uasset" 23
"../../../Engine/Content/Functions/Engine_MaterialFunctions02/Utility/BreakOutFloat2Components.uasset" 24
"../../../Engine/Content/Functions/Engine_MaterialFunctions01/Texturing/ScaleUVsByCenter.uasset" 25
"../../../Engine/Content/Functions/Engine_MaterialFunctions02/ScreenResolution.uasset" 26
"../../../Engine/Content/Functions/Engine_MaterialFunctions02/Texturing/ScreenAlignedUVs.uasset" 27
"../../../Engine/Content/Functions/Engine_MaterialFunctions02/Utility/MakeFloat2.uasset" 28
"../../../Engine/Content/Functions/Engine_MaterialFunctions02/Utility/MakeFloat3.uasset" 29
"../../../Engine/Content/EngineMaterials/MiniFont.uasset" 30
"../../../Engine/Content/BufferVisualization/CustomStencil.uasset" 31
"../../../Engine/Content/BufferVisualization/FinalImage.uasset" 32
"../../../Engine/Content/BufferVisualization/LightingModel.uasset" 33
"../../../Engine/Content/BufferVisualization/MaterialAO.uasset" 34
"../../../Engine/Content/BufferVisualization/Metallic.uasset" 35
"../../../Engine/Content/BufferVisualization/Opacity.uasset" 36
"../../../Engine/Content/BufferVisualization/PostTonemapHDRColor.uasset" 37
"../../../Engine/Content/BufferVisualization/PreTonemapHDRColor.uasset" 38
"../../../Engine/Content/BufferVisualization/Roughness.uasset" 39
"../../../Engine/Content/BufferVisualization/SceneColor.uasset" 40
"../../../Engine/Content/BufferVisualization/SceneDepth.uasset" 41
"../../../Engine/Content/BufferVisualization/SceneDepthWorldUnits.uasset" 42
"../../../Engine/Content/BufferVisualization/SeparateTranslucencyA.uasset" 43
"../../../Engine/Content/BufferVisualization/SeparateTranslucencyRGB.uasset" 44
"../../../Engine/Content/BufferVisualization/Specular.uasset" 45
"../../../Engine/Content/BufferVisualization/SubsurfaceColor.uasset" 46
"../../../Engine/Content/BufferVisualization/Velocity.uasset" 47
"../../../Engine/Content/BufferVisualization/WorldNormal.uasset" 48
"../../../Engine/Content/EditorBlueprintResources/ActorMacros.uasset" 49
"../../../Engine/Content/EditorLandscapeResources/DataLayer.uasset" 50
"../../../Engine/Content/EditorLandscapeResources/DefaultAlphaTexture.uasset" 51
"../../../Engine/Content/EditorLandscapeResources/LandscapeGizmoHeight_Mat.uasset" 52
"../../../Engine/Content/EditorLandscapeResources/LandscapeGizmo_Mat.uasset" 53
"../../../Engine/Content/EditorLandscapeResources/LandscapeGizmo_Mat_Copied.uasset" 54
"../../../Engine/Content/EditorLandscapeResources/SplineEditorMeshMat.uasset" 55
"../../../Engine/Content/EditorLandscapeResources/SplineEditorMesh.uasset" 56
"../../../Engine/Content/EditorMaterials/Cross.uasset" 57
"../../../Engine/Content/EditorMaterials/Cross_Mat.uasset" 58
"../../../Engine/Content/EngineMaterials/DefaultDiffuse.uasset" 59
"../../../Engine/Content/Functions/Engine_MaterialFunctions01/Texturing/TextureCropping.uasset" 60
"../../../Engine/Content/Functions/Engine_MaterialFunctions01/Texturing/ComputeMipLevel.uasset" 61
"../../../Engine/Content/Functions/Engine_MaterialFunctions02/ExampleContent/DebugNumberStrip.uasset" 62
"../../../Engine/Content/Functions/Engine_MaterialFunctions02/ExampleContent/Textures/DebugNumberPeriod.uasset" 63
"../../../Engine/Content/Functions/Engine_MaterialFunctions02/Utility/DebugScalarValues.uasset" 64
"../../../Engine/Content/Functions/Engine_MaterialFunctions02/Utility/DebugFloat2Values.uasset" 65
"../../../Engine/Content/Functions/Engine_MaterialFunctions02/ExampleContent/Textures/flipbook.uasset" 66
"../../../Engine/Content/Functions/Engine_MaterialFunctions02/Texturing/FlipBook.uasset" 67
"../../../Engine/Content/Functions/Engine_MaterialFunctions02/Utility/Sign.uasset" 68
"../../../Engine/Content/Functions/Engine_MaterialFunctions02/Utility/Round.uasset" 69
"../../../Engine/Content/EditorResources/T_EditorHelp.uasset" 70
"../../../Engine/Content/EditorMaterials/HelpActorMaterial.uasset" 71
"../../../Engine/Content/EditorMaterials/CompositeARGBLayer.uasset" 72
"../../../Engine/Content/EditorMaterials/TilingAALineIntegral.uasset" 73
"../../../Engine/Content/EditorMaterials/TilingAALineBoxFiltered.uasset" 74
"../../../Engine/Content/Functions/Engine_MaterialFunctions03/Procedurals/ComputeFilterWidth.uasset" 75
"../../../Engine/Content/EditorMaterials/TilingAADots.uasset" 76
"../../../Engine/Content/EngineMaterials/BlendFunc_DefBase.uasset" 77
"../../../Engine/Content/EngineMaterials/BlendFunc_DefBlend.uasset" 78
"../../../Engine/Content/Functions/Engine_MaterialFunctions03/Blends/Blend_Screen.uasset" 79
"../../../Engine/Content/EditorMaterials/TilingAAGrid.uasset" 80
"../../../Engine/Content/EditorMaterials/LevelGridMaterial.uasset" 81
"../../../Engine/Content/EditorMaterials/MakeCompositeARGBLayer.uasset" 82
"../../../Engine/Content/EditorResources/LevelGrid1DStripes.uasset" 83
"../../../Engine/Content/EditorMaterials/TextureGridCascaded1D.uasset" 84
"../../../Engine/Content/EditorMaterials/TextureGridCascaded2D.uasset" 85
"../../../Engine/Content/EditorMaterials/LevelGridMaterial2.uasset" 86
"../../../Engine/Content/EditorMaterials/MAT_Groups_Toggle.uasset" 87
"../../../Engine/Content/EditorMaterials/MAT_Groups_Visibility.uasset" 88
"../../../Engine/Content/EditorMaterials/AntialiasedGridFloor.uasset" 89
"../../../Engine/Content/EditorResources/TilePatine_D.uasset" 90
"../../../Engine/Content/EditorResources/TilePatine_N.uasset" 91
"../../../Engine/Content/EngineMaterials/Grid.uasset" 92
"../../../Engine/Content/EditorMaterials/PersonaFloorMat.uasset" 93
"../../../Engine/Content/EditorMaterials/PhAT_BoneSelectedMaterial.uasset" 94
"../../../Engine/Content/EditorMaterials/PhAT_ElemSelectedMaterial.uasset" 95
"../../../Engine/Content/EditorMaterials/PhAT_NoCollisionMaterial.uasset" 96
"../../../Engine/Content/EditorMaterials/PhAT_UnselectedMaterial.uasset" 97
"../../../Engine/Content/EditorMaterials/PreviewShadowIndicator.uasset" 98
"../../../Engine/Content/EditorMaterials/PreviewShadowIndicatorMaterial.uasset" 99
"../../../Engine/Content/EditorMaterials/TargetIcon.uasset" 100
"../../../Engine/Content/EditorMaterials/Tick.uasset" 101
"../../../Engine/Content/EditorMaterials/Tick_Mat.uasset" 102
"../../../Engine/Content/EditorMaterials/WidgetGridVertexColorMaterial.uasset" 103
"../../../Engine/Content/EditorMaterials/WidgetGridVertexColorMaterial_Ma.uasset" 104
"../../../Engine/Content/EditorMaterials/WidgetMaterial.uasset" 105
"../../../Engine/Content/EditorMaterials/WidgetMaterial_Current.uasset" 106
"../../../Engine/Content/EditorMaterials/WidgetMaterial_X.uasset" 107
"../../../Engine/Content/EditorMaterials/WidgetMaterial_Y.uasset" 108
"../../../Engine/Content/EditorMaterials/WidgetMaterial_Z.uasset" 109
"../../../Engine/Content/EditorMaterials/WidgetVertexColorMaterial.uasset" 110
"../../../Engine/Content/EditorMaterials/MatineeGroups/MAT_ColorTrack.uasset" 111
"../../../Engine/Content/EditorMaterials/MatineeGroups/MAT_Groups_Anim.uasset" 112
"../../../Engine/Content/EditorMaterials/MatineeGroups/MAT_Groups_AudioMaster.uasset" 113
"../../../Engine/Content/EditorMaterials/MatineeGroups/MAT_Groups_Director.uasset" 114
"../../../Engine/Content/EditorMaterials/MatineeGroups/MAT_Groups_Event.uasset" 115
"../../../Engine/Content/EditorMaterials/MatineeGroups/MAT_Groups_Fade.uasset" 116
"../../../Engine/Content/EditorMaterials/MatineeGroups/MAT_Groups_Float.uasset" 117
"../../../Engine/Content/EditorMaterials/MatineeGroups/MAT_Groups_Move.uasset" 118
"../../../Engine/Content/EditorMaterials/MatineeGroups/MAT_Groups_Slomo.uasset" 119
"../../../Engine/Content/EditorMaterials/MatineeGroups/MAT_Groups_Sound.uasset" 120
"../../../Engine/Content/EditorMaterials/MatineeGroups/MAT_Groups_Vector.uasset" 121
"../../../Engine/Content/EditorMaterials/ParticleSystems/PSysThumbnail_NoImage.uasset" 122
"../../../Engine/Content/EditorMaterials/ParticleSystems/PSysThumbnail_OOD.uasset" 123
"../../../Engine/Content/EditorMaterials/Thumbnails/FloorPlaneMaterial.uasset" 124
"../../../Engine/Content/EditorMeshes/EditorCube.uasset" 125
"../../../Engine/Content/EditorMeshes/EditorCylinder.uasset" 126
"../../../Engine/Content/EditorMeshes/EditorPlane.uasset" 127
"../../../Engine/Content/EditorMaterials/Thumbnails/SkySphereMaterial.uasset" 128
"../../../Engine/Content/EditorMeshes/EditorSkySphere.uasset" 129
"../../../Engine/Content/EditorMeshes/EditorSphere.uasset" 130
"../../../Engine/Content/EditorResources/MatineeCam_D.uasset" 131
"../../../Engine/Content/EditorMaterials/MatineeCam_mat.uasset" 132
"../../../Engine/Content/EditorMeshes/MatineeCam_SM.uasset" 133
"../../../Engine/Content/Functions/Engine_MaterialFunctions01/Shading/ConvertFromDiffSpec.uasset" 134
"../../../Engine/Content/EditorMaterials/GridMaterial.uasset" 135
"../../../Engine/Content/EditorMeshes/PhAT_FloorBox.uasset" 136
"../../../Engine/Content/EditorMeshes/PlanarReflectionPlane.uasset" 137
"../../../Engine/Content/EditorMaterials/Camera/CineMat.uasset" 138
"../../../Engine/Content/EditorMaterials/Camera/MI_CineMat_CameraBody.uasset" 139
"../../../Engine/Content/EngineDebugMaterials/M_SimpleOpaque.uasset" 140
"../../../Engine/Content/EditorMaterials/Camera/MI_CineMat_CamViewFinder.uasset" 141
"../../../Engine/Content/EditorMeshes/Camera/SM_CineCam.uasset" 142
"../../../Engine/Content/EditorMaterials/Camera/MI_CineMat_Rig.uasset" 143
"../../../Engine/Content/EditorMeshes/Camera/SM_CraneRig_Arm.uasset" 144
"../../../Engine/Content/EditorMeshes/Camera/SM_CraneRig_Base.uasset" 145
"../../../Engine/Content/EditorMeshes/Camera/SM_CraneRig_Body.uasset" 146
"../../../Engine/Content/EditorMeshes/Camera/SM_CraneRig_Mount.uasset" 147
"../../../Engine/Content/EditorMeshes/Camera/SM_RailRig_Mount.uasset" 148
"../../../Engine/Content/EditorMeshes/Camera/SM_RailRig_Track.uasset" 149
"../../../Engine/Content/EditorMeshes/ColorCalibrator/M_ChromeBall.uasset" 150
"../../../Engine/Content/EditorResources/Bad.uasset" 151
"../../../Engine/Content/EditorResources/BSPVertex.uasset" 152
"../../../Engine/Content/EditorResources/EmptyActor.uasset" 153
"../../../Engine/Content/EditorResources/MatInstActSprite.uasset" 154
"../../../Engine/Content/EditorResources/SceneManager.uasset" 155
"../../../Engine/Content/EditorResources/SmallFont.uasset" 156
"../../../Engine/Content/EditorResources/S_Actor.uasset" 157
"../../../Engine/Content/EditorResources/S_CameraShakeSource.uasset" 158
"../../../Engine/Content/EditorResources/S_DecalActorIcon.uasset" 159
"../../../Engine/Content/EditorResources/S_Emitter.uasset" 160
"../../../Engine/Content/EditorResources/S_ExpoHeightFog.uasset" 161
"../../../Engine/Content/EditorResources/S_FTest.uasset" 162
"../../../Engine/Content/EditorResources/S_KBSJoint.uasset" 163
"../../../Engine/Content/EditorResources/S_KHinge.uasset" 164
"../../../Engine/Content/EditorResources/S_KPrismatic.uasset" 165
"../../../Engine/Content/EditorResources/S_LevelSequence.uasset" 166
"../../../Engine/Content/EditorResources/S_NavP.uasset" 167
"../../../Engine/Content/EditorResources/S_Note.uasset" 168
"../../../Engine/Content/EditorResources/S_Player.uasset" 169
"../../../Engine/Content/EditorResources/S_PortalActorIcon2.uasset" 170
"../../../Engine/Content/EditorResources/S_RadForce.uasset" 171
"../../../Engine/Content/EditorResources/S_ReflActorIcon.uasset" 172
"../../../Engine/Content/EditorResources/S_SkyAtmosphere.uasset" 173
"../../../Engine/Content/EditorResources/S_Solver.uasset" 174
"../../../Engine/Content/EditorResources/S_Terrain.uasset" 175
"../../../Engine/Content/EditorResources/S_TextRenderActorIcon.uasset" 176
"../../../Engine/Content/EditorResources/S_Thruster.uasset" 177
"../../../Engine/Content/EditorResources/S_Trigger.uasset" 178
"../../../Engine/Content/EditorResources/S_VectorFieldVol.uasset" 179
"../../../Engine/Content/EditorResources/S_WindDirectional.uasset" 180
"../../../Engine/Content/EditorResources/AI/S_NavLink.uasset" 181
"../../../Engine/Content/EditorResources/LightIcons/SkyLight.uasset" 182
"../../../Engine/Content/EditorResources/LightIcons/S_LightDirectional.uasset" 183
"../../../Engine/Content/EditorResources/LightIcons/S_LightDirectionalMove.uasset" 184
"../../../Engine/Content/EditorResources/LightIcons/S_LightError.uasset" 185
"../../../Engine/Content/EditorResources/LightIcons/S_LightPoint.uasset" 186
"../../../Engine/Content/EditorResources/LightIcons/S_LightPointMove.uasset" 187
"../../../Engine/Content/EditorResources/LightIcons/S_LightSpot.uasset" 188
"../../../Engine/Content/EditorResources/LightIcons/S_LightSpotMove.uasset" 189
"../../../Engine/Content/EditorResources/SequenceRecorder/Countdown.uasset" 190
"../../../Engine/Content/EditorResources/SequenceRecorder/RecordingIndicator.uasset" 191
"../../../Engine/Content/EditorResources/Spline/T_Loft_Spline.uasset" 192
"../../../Engine/Content/EditorSounds/Notifications/CompileFailed.uasset" 193
"../../../Engine/Content/EditorSounds/Notifications/CompileFailed_Cue.uasset" 194
"../../../Engine/Content/EditorSounds/Notifications/CompileSuccess.uasset" 195
"../../../Engine/Content/EditorSounds/Notifications/CompileStart_Cue.uasset" 196
"../../../Engine/Content/EditorSounds/Notifications/CompileSuccess_Cue.uasset" 197
"../../../Engine/Content/EngineDamageTypes/DmgTypeBP_Environmental.uasset" 198
"../../../Engine/Content/EngineDebugMaterials/HeatmapGradient.uasset" 199
"../../../Engine/Content/EngineDebugMaterials/BoneWeightMaterial.uasset" 200
"../../../Engine/Content/EngineDebugMaterials/ClothMaterial.uasset" 201
"../../../Engine/Content/EngineDebugMaterials/ClothMaterial_WF.uasset" 202
"../../../Engine/Content/EngineDebugMaterials/DebugEditorMaterial.uasset" 203
"../../../Engine/Content/EngineDebugMaterials/DebugMeshMaterial.uasset" 204
"../../../Engine/Content/EngineDebugMaterials/GeomMaterial.uasset" 205
"../../../Engine/Content/EngineDebugMaterials/LevelColorationLitMaterial.uasset" 206
"../../../Engine/Content/EngineDebugMaterials/LevelColorationUnlitMaterial.uasset" 207
"../../../Engine/Content/EngineMaterials/DefaultWhiteGrid.uasset" 208
"../../../Engine/Content/EngineDebugMaterials/MAT_LevelColorationLitLightmapUV.uasset" 209
"../../../Engine/Content/EngineDebugMaterials/M_SimpleUnlitTranslucent.uasset" 210
"../../../Engine/Content/Functions/Engine_MaterialFunctions02/Utility/CameraDirectionVector.uasset" 211
"../../../Engine/Content/EngineDebugMaterials/VolumeToRender.uasset" 212
"../../../Engine/Content/EngineDebugMaterials/M_VolumeRenderSphereTracePP.uasset" 213
"../../../Engine/Content/EngineMaterials/DefaultWhiteGrid_Low.uasset" 214
"../../../Engine/Content/EngineDebugMaterials/PhysicalMaterialMaskMaterial.uasset" 215
"../../../Engine/Content/EngineDebugMaterials/ShadedLevelColorationLitMaterial.uasset" 216
"../../../Engine/Content/EngineDebugMaterials/ShadedLevelColorationUnlitMateri.uasset" 217
"../../../Engine/Content/EngineDebugMaterials/VertexColorMaterial.uasset" 218
"../../../Engine/Content/EngineDebugMaterials/VertexColorViewMode_AlphaAsColor.uasset" 219
"../../../Engine/Content/EngineDebugMaterials/VertexColorViewMode_BlueOnly.uasset" 220
"../../../Engine/Content/EngineDebugMaterials/VertexColorViewMode_ColorOnly.uasset" 221
"../../../Engine/Content/EngineDebugMaterials/VertexColorViewMode_GreenOnly.uasset" 222
"../../../Engine/Content/EngineDebugMaterials/VertexColorViewMode_RedOnly.uasset" 223
"../../../Engine/Content/EngineDebugMaterials/WireframeMaterial.uasset" 224
"../../../Engine/Content/EngineFonts/Faces/DroidSansFallback.uasset" 225
"../../../Engine/Content/EngineFonts/Faces/RobotoBold.uasset" 226
"../../../Engine/Content/EngineFonts/Faces/RobotoBoldItalic.uasset" 227
"../../../Engine/Content/EngineFonts/Faces/RobotoItalic.uasset" 228
"../../../Engine/Content/EngineFonts/Faces/RobotoLight.uasset" 229
"../../../Engine/Content/EngineFonts/Faces/RobotoRegular.uasset" 230
"../../../Engine/Content/EngineFonts/Roboto.uasset" 231
"../../../Engine/Content/EngineFonts/Faces/RobotoTiny.uasset" 232
"../../../Engine/Content/EngineFonts/RobotoTiny.uasset" 233
"../../../Engine/Content/EngineFonts/SmallFont.uasset" 234
"../../../Engine/Content/EngineFonts/TinyFont.uasset" 235
"../../../Engine/Content/EngineMaterials/BaseFlattenDiffuseMap.uasset" 236
"../../../Engine/Content/EngineMaterials/BaseFlattenEmissiveMap.uasset" 237
"../../../Engine/Content/EngineMaterials/BaseFlattenGrayscaleMap.uasset" 238
"../../../Engine/Content/EngineMaterials/BaseFlattenNormalMap.uasset" 239
"../../../Engine/Content/EngineMaterials/BaseFlattenMaterial.uasset" 240
"../../../Engine/Content/EngineResources/WhiteSquareTexture.uasset" 241
"../../../Engine/Content/EngineMaterials/BlinkingCaret.uasset" 242
"../../../Engine/Content/EngineMaterials/BlueNoise.uasset" 243
"../../../Engine/Content/EngineMaterials/DefaultBloomKernel.uasset" 244
"../../../Engine/Content/EngineMaterials/DefaultBokeh.uasset" 245
"../../../Engine/Content/EngineMaterials/DefaultDeferredDecalMaterial.uasset" 246
"../../../Engine/Content/EngineMaterials/DefaultLightFunctionMaterial.uasset" 247
"../../../Engine/Content/EngineMaterials/DefaultNormal.uasset" 248
"../../../Engine/Content/EngineMaterials/DefaultPostProcessMaterial.uasset" 249
"../../../Engine/Content/EngineFonts/RobotoDistanceField.uasset" 250
"../../../Engine/Content/EngineMaterials/DefaultTextMaterialOpaque.uasset" 251
"../../../Engine/Content/EngineMaterials/EditorBrushMaterial.uasset" 252
"../../../Engine/Content/EngineMaterials/EmissiveMeshMaterial.uasset" 253
"../../../Engine/Content/EngineMaterials/GizmoMaterial.uasset" 254
"../../../Engine/Content/EngineMaterials/Good64x64TilingNoiseHighFreq.uasset" 255
"../../../Engine/Content/EngineMaterials/Grid_N.uasset" 256
"../../../Engine/Content/EngineMaterials/HighResolutionScreenshotMaskFunction.uasset" 257
"../../../Engine/Content/EngineMaterials/HighResScreenshot.uasset" 258
"../../../Engine/Content/EngineMaterials/HighResScreenshotCaptureRegion.uasset" 259
"../../../Engine/Content/EngineMaterials/HighResScreenshotMask.uasset" 260
"../../../Engine/Content/EngineMaterials/LandscapeHolePhysicalMaterial.uasset" 261
"../../../Engine/Content/EngineMaterials/InvalidLightmapSettings.uasset" 262
"../../../Engine/Content/EngineMaterials/M_InvalidLightmapSettings.uasset" 263
"../../../Engine/Content/EngineMaterials/PaperDiffuse.uasset" 264
"../../../Engine/Content/EngineMaterials/PaperNormal.uasset" 265
"../../../Engine/Content/Functions/Engine_MaterialFunctions02/WorldPositionOffset/CameraOffset.uasset" 266
"../../../Engine/Content/EngineMaterials/PhAT_JointLimitMaterial.uasset" 267
"../../../Engine/Content/EngineMaterials/PhysMat_Rubber.uasset" 268
"../../../Engine/Content/EngineMaterials/PreintegratedSkinBRDF.uasset" 269
"../../../Engine/Content/EngineMaterials/RemoveSurfaceMaterial.uasset" 270
"../../../Engine/Content/EngineMaterials/WeightMapPlaceholderTexture.uasset" 271
"../../../Engine/Content/Functions/Engine_MaterialFunctions01/ImageAdjustment/sRGBToLinear.uasset" 272
"../../../Engine/Content/Functions/Engine_MaterialFunctions02/Utility/BreakOutFloat3Components.uasset" 273
"../../../Engine/Content/EngineMaterials/Widget3DCameraPassThrough_Opaque_OneSided.uasset" 274
"../../../Engine/Content/EngineMaterials/Widget3DPassThrough.uasset" 275
"../../../Engine/Content/EngineMaterials/Widget3DPassThrough_Masked.uasset" 276
"../../../Engine/Content/EngineMaterials/Widget3DPassThrough_Opaque.uasset" 277
"../../../Engine/Content/EngineMaterials/Widget3DPassThrough_Masked_OneSided.uasset" 278
"../../../Engine/Content/EngineMaterials/Widget3DPassThrough_Opaque_OneSided.uasset" 279
"../../../Engine/Content/EngineMaterials/Widget3DPassThrough_Translucent.uasset" 280
"../../../Engine/Content/EngineMaterials/Widget3DPassThrough_Translucent_OneSided.uasset" 281
"../../../Engine/Content/EngineMeshes/Cylinder.uasset" 282
"../../../Engine/Content/EngineMeshes/Sphere.uasset" 283
"../../../Engine/Content/EngineResources/Black.uasset" 284
"../../../Engine/Content/EngineResources/DefaultTexture.uasset" 285
"../../../Engine/Content/EngineResources/DefaultTextureCube.uasset" 286
"../../../Engine/Content/EngineResources/DefaultVolumeTexture2D.uasset" 287
"../../../Engine/Content/EngineResources/DefaultVolumeTexture.uasset" 288
"../../../Engine/Content/EngineResources/GradientTexture0.uasset" 289
"../../../Engine/Content/EngineResources/StreamingPauseIcon.uasset" 290
"../../../Engine/Content/EngineResources/M_StreamingPause.uasset" 291
"../../../Engine/Content/EngineSounds/Master.uasset" 292
"../../../Engine/Content/Functions/Engine_MaterialFunctions01/Shading/PowerToRoughness.uasset" 293
"../../../Engine/Content/Maps/Templates/Thumbnails/Default.uasset" 294
"../../../Engine/Content/Maps/Templates/Thumbnails/TimeOfDay.uasset" 295
"../../../Engine/Content/Maps/Templates/Thumbnails/VR-Basic.uasset" 296
"../../../Engine/Content/MobileResources/T_MobileControls_texture.uasset" 297
"../../../Engine/Content/MobileResources/T_MobileMenu2.uasset" 298
"../../../Engine/Content/MobileResources/HUD/AnalogHat.uasset" 299
"../../../Engine/Content/MobileResources/HUD/VirtualJoystick_Background.uasset" 300
"../../../Engine/Content/MobileResources/HUD/VirtualJoystick_Thumb.uasset" 301
"../../../Engine/Content/MobileResources/HUD/DefaultVirtualJoysticks.uasset" 302
"../../../Engine/Content/MobileResources/HUD/LeftVirtualJoystickOnly.uasset" 303
"../../../Engine/Content/MobileResources/HUD/MobileHUDButton1_off.uasset" 304
"../../../Engine/Content/MobileResources/HUD/MobileHUDButton1_on.uasset" 305
"../../../Engine/Content/MobileResources/HUD/MobileHUDButton2_off.uasset" 306
"../../../Engine/Content/MobileResources/HUD/MobileHUDButton2_on.uasset" 307
"../../../Engine/Content/MobileResources/HUD/MobileHUDButton3.uasset" 308
"../../../Engine/Content/MobileResources/HUD/MobileHUDButtonFire.uasset" 309
"../../../Engine/Content/MobileResources/HUD/MobileHUDDirectionPad.uasset" 310
"../../../Engine/Content/MobileResources/HUD/MobileHUDDirectionPad2.uasset" 311
"../../../Engine/Content/MobileResources/HUD/MobileHUDDirectionPad3.uasset" 312
"../../../Engine/Content/MobileResources/HUD/MobileHUDDirectionStick.uasset" 313
"../../../Engine/Content/MobileResources/HUD/T_Castle_ThumbstickInner.uasset" 314
"../../../Engine/Content/MobileResources/HUD/T_Castle_ThumbstickOutter.uasset" 315
"../../../Engine/Content/Tutorial/ContentIntroCurve.uasset" 316
"../../../Engine/Content/Tutorial/Basics/LevelEditorAttract.uasset" 317
"../../../Engine/Content/Tutorial/Basics/TutorialAssets/icon_tab_Levels_40x.uasset" 318
"../../../Engine/Content/Tutorial/Basics/LevelEditorOverview.uasset" 319
"../../../Engine/Content/Tutorial/BlueprintTutorials/TutorialAssets/Blueprint_64x.uasset" 320
"../../../Engine/Content/Tutorial/BlueprintTutorials/BlueprintEditorTutorial.uasset" 321
"../../../Engine/Content/Tutorial/BlueprintTutorials/LevelBlueprintEditorOverview.uasset" 322
"../../../Engine/Content/Tutorial/BlueprintTutorials/TutorialAssets/Tutorial_BP_MacroLib.uasset" 323
"../../../Engine/Content/VREditor/LaserPointer/VR_LaserPower_01.uasset" 324
"../../../Engine/Content/VREditor/TransformGizmo/TransformGizmoMaterial.uasset" 325
"../../../Engine/Content/VREditor/TransformGizmo/TranslucentTransformGizmoMaterial.uasset" 326
"../../../Engine/Content/VREditor/TransformGizmo/BoundingBoxCorner.uasset" 327
"../../../Engine/Content/VREditor/TransformGizmo/BoundingBoxEdge.uasset" 328
"../../../Engine/Content/VREditor/TransformGizmo/PlaneTranslationHandle.uasset" 329
"../../../Engine/Content/VREditor/TransformGizmo/Main.uasset" 330
"../../../Engine/Content/VREditor/TransformGizmo/Xray.uasset" 331
"../../../Engine/Content/VREditor/TransformGizmo/SM_Sequencer_Key.uasset" 332
"../../../Engine/Content/VREditor/TransformGizmo/SM_Sequencer_Node.uasset" 333
"../../../Engine/Content/Animation/DefaultAnimBoneCompressionSettings.uasset" 334
"../../../../../../Users/Kapoios/Documents/Unreal/zzzombie/Content/Zombie/Zombie_02/zombie_02_Skeleton.uasset" 335
"../../../../../../Users/Kapoios/Documents/Unreal/zzzombie/Content/Zombie/Zombie_02/Animations/zombie_02_attack.uasset" 336
"../../../../../../Users/Kapoios/Documents/Unreal/zzzombie/Content/Zombie/Zombie_02/Animations/zombie_02_attacked.uasset" 337
"../../../../../../Users/Kapoios/Documents/Unreal/zzzombie/Content/Zombie/Zombie_02/Animations/zombie_02_idle.uasset" 338
"../../../../../../Users/Kapoios/Documents/Unreal/zzzombie/Content/Zombie/Zombie_02/Animations/zombie_02_walk.uasset" 339
"../../../../../../Users/Kapoios/Documents/Unreal/zzzombie/Content/Zombie/Zombie_01/zombie_Skeleton.uasset" 340
"../../../../../../Users/Kapoios/Documents/Unreal/zzzombie/Content/Zombie/Zombie_01/Animations/Zoombie_01_idle_Anim.uasset" 341
"../../../../../../Users/Kapoios/Documents/Unreal/zzzombie/Content/Zombie/Zombie_01/Animations/Zoombie_01_r_attack_Anim.uasset" 342
"../../../../../../Users/Kapoios/Documents/Unreal/zzzombie/Content/Zombie/Zombie_01/Animations/Zoombie_01_taking_damage_Anim.uasset" 343
"../../../../../../Users/Kapoios/Documents/Unreal/zzzombie/Content/Zombie/Zombie_01/Animations/Zoombie_01_walking_Anim.uasset" 344
"../../../../../../Users/Kapoios/Documents/Unreal/zzzombie/Content/Zombie/Zombie_01/Zombie_01_Anim_bp.uasset" 345
"../../../../../../Users/Kapoios/Documents/Unreal/zzzombie/Content/Blueprints/DebugModeBp.uasset" 346
"../../../../../../Users/Kapoios/Documents/Unreal/zzzombie/Content/Blueprints/Tools/newTypeEnum.uasset" 347
"../../../../../../Users/Kapoios/Documents/Unreal/zzzombie/Content/Blueprints/Tools/typeToolEnum.uasset" 348
"../../../../../../Users/Kapoios/Documents/Unreal/zzzombie/Content/Blueprints/Tools/toolsStr.uasset" 349
"../../../../../../Users/Kapoios/Documents/Unreal/zzzombie/Content/Blueprints/Tools/ToolsMaster.uasset" 350
"../../../../../../Users/Kapoios/Documents/Unreal/zzzombie/Content/Blueprints/Tools/textures/Axes/iron_axe.uasset" 351
"../../../../../../Users/Kapoios/Documents/Unreal/zzzombie/Content/Blueprints/Tools/Axes/ironAxeBp.uasset" 352
"../../../../../../Users/Kapoios/Documents/Unreal/zzzombie/Content/Blueprints/Tools/textures/Axes/Stone_Axe.uasset" 353
"../../../../../../Users/Kapoios/Documents/Unreal/zzzombie/Content/Blueprints/Tools/Axes/stoneAxeBp.uasset" 354
"../../../../../../Users/Kapoios/Documents/Unreal/zzzombie/Content/Blueprints/Tools/textures/Axes/woodAxe.uasset" 355
"../../../../../../Users/Kapoios/Documents/Unreal/zzzombie/Content/Blueprints/Tools/Axes/woodenAxeBp.uasset" 356
"../../../../../../Users/Kapoios/Documents/Unreal/zzzombie/Content/Blueprints/Tools/textures/emtyhands.uasset" 357
"../../../../../../Users/Kapoios/Documents/Unreal/zzzombie/Content/Blueprints/Tools/emtyHands.uasset" 358
"../../../../../../Users/Kapoios/Documents/Unreal/zzzombie/Content/Blueprints/Tools/textures/Hammers/iron_hammer.uasset" 359
"../../../../../../Users/Kapoios/Documents/Unreal/zzzombie/Content/Blueprints/Tools/hammers/ironHammer.uasset" 360
"../../../../../../Users/Kapoios/Documents/Unreal/zzzombie/Content/Blueprints/Tools/textures/Hammers/stone_hammer.uasset" 361
"../../../../../../Users/Kapoios/Documents/Unreal/zzzombie/Content/Blueprints/Tools/hammers/stoneHameer.uasset" 362
"../../../../../../Users/Kapoios/Documents/Unreal/zzzombie/Content/Blueprints/Tools/textures/Hammers/wooden_hammer.uasset" 363
"../../../../../../Users/Kapoios/Documents/Unreal/zzzombie/Content/Blueprints/Tools/hammers/woodenHammer.uasset" 364
"../../../../../../Users/Kapoios/Documents/Unreal/zzzombie/Content/Blueprints/Tools/textures/Melees/iron_sword.uasset" 365
"../../../../../../Users/Kapoios/Documents/Unreal/zzzombie/Content/Blueprints/Tools/Mellee/ironSwoordBp.uasset" 366
"../../../../../../Users/Kapoios/Documents/Unreal/zzzombie/Content/Blueprints/Tools/textures/Melees/stone_swrod.uasset" 367
"../../../../../../Users/Kapoios/Documents/Unreal/zzzombie/Content/Blueprints/Tools/Mellee/stoneSwordBp.uasset" 368
"../../../../../../Users/Kapoios/Documents/Unreal/zzzombie/Content/Blueprints/Tools/textures/Melees/wooden_sword.uasset" 369
"../../../../../../Users/Kapoios/Documents/Unreal/zzzombie/Content/Blueprints/Tools/Mellee/woodenSwordBp.uasset" 370
"../../../../../../Users/Kapoios/Documents/Unreal/zzzombie/Content/Blueprints/Tools/textures/Pickaxes/iron_pickaxe.uasset" 371
"../../../../../../Users/Kapoios/Documents/Unreal/zzzombie/Content/Blueprints/Tools/Pickaxes/ironPickBp.uasset" 372
"../../../../../../Users/Kapoios/Documents/Unreal/zzzombie/Content/Blueprints/Tools/textures/Pickaxes/Stone_Pickaxe_Render_2000x2000.uasset" 373
"../../../../../../Users/Kapoios/Documents/Unreal/zzzombie/Content/Blueprints/Tools/Pickaxes/stonePickBp.uasset" 374
"../../../../../../Users/Kapoios/Documents/Unreal/zzzombie/Content/Blueprints/Tools/textures/Pickaxes/Wood_Pickaxe__28Level_1_29.uasset" 375
"../../../../../../Users/Kapoios/Documents/Unreal/zzzombie/Content/Blueprints/Tools/Pickaxes/woodenPickBp.uasset" 376
"../../../../../../Users/Kapoios/Documents/Unreal/zzzombie/Content/Blueprints/Tools/textures/Ranges/bow.uasset" 377
"../../../../../../Users/Kapoios/Documents/Unreal/zzzombie/Content/Blueprints/Tools/Range/BowBp.uasset" 378
"../../../../../../Users/Kapoios/Documents/Unreal/zzzombie/Content/Blueprints/Tools/textures/Ranges/crossbow.uasset" 379
"../../../../../../Users/Kapoios/Documents/Unreal/zzzombie/Content/Blueprints/Tools/Range/crossbowBp.uasset" 380
"../../../../../../Users/Kapoios/Documents/Unreal/zzzombie/Content/Blueprints/Tools/textures/Ranges/slingshot.uasset" 381
"../../../../../../Users/Kapoios/Documents/Unreal/zzzombie/Content/Blueprints/Tools/Range/slingshotBp.uasset" 382
"../../../../../../Users/Kapoios/Documents/Unreal/zzzombie/Content/Blueprints/Tools/ToolManagerBp.uasset" 383
"../../../../../../Users/Kapoios/Documents/Unreal/zzzombie/Content/Blueprints/InventorySystem/InventorySystemBp.uasset" 384
"../../../../../../Users/Kapoios/Documents/Unreal/zzzombie/Content/Blueprints/Structures/Entitys/entCost.uasset" 385
"../../../../../../Users/Kapoios/Documents/Unreal/zzzombie/Content/Blueprints/FpSPlayerController.uasset" 386
"../../../../../../Users/Kapoios/Documents/Unreal/zzzombie/Content/Props/Pine_tree/PineTree_02_-_leaves_BaseColor.uasset" 387
"../../../../../../Users/Kapoios/Documents/Unreal/zzzombie/Content/Props/Pine_tree/PineTree_02_-_leaves_Normal.uasset" 388
"../../../../../../Users/Kapoios/Documents/Unreal/zzzombie/Content/Props/Pine_tree/PineTree_02_-_leaves_OcclusionRoughnessMetallic.uasset" 389
"../../../../../../Users/Kapoios/Documents/Unreal/zzzombie/Content/Props/Pine_tree/02_-_leaves.uasset" 390
"../../../../../../Users/Kapoios/Documents/Unreal/zzzombie/Content/Blueprints/Resources/resNamesEnum.uasset" 391
"../../../../../../Users/Kapoios/Documents/Unreal/zzzombie/Content/Blueprints/Structures/Entitys/entityStats.uasset" 392
"../../../../../../Users/Kapoios/Documents/Unreal/zzzombie/Content/Props/Pine_tree/PineTree_01_-_wood_BaseColor.uasset" 393
"../../../../../../Users/Kapoios/Documents/Unreal/zzzombie/Content/Props/Pine_tree/PineTree_01_-_wood_Normal.uasset" 394
"../../../../../../Users/Kapoios/Documents/Unreal/zzzombie/Content/Props/Pine_tree/PineTree_01_-_wood_OcclusionRoughnessMetallic.uasset" 395
"../../../../../../Users/Kapoios/Documents/Unreal/zzzombie/Content/Props/Pine_tree/01_-_wood.uasset" 396
"../../../../../../Users/Kapoios/Documents/Unreal/zzzombie/Content/Props/Pine_tree/PineTree.uasset" 397
"../../../../../../Users/Kapoios/Documents/Unreal/zzzombie/Content/UI/actorLifeProgress.uasset" 398
"../../../../../../Users/Kapoios/Documents/Unreal/zzzombie/Content/Blueprints/Resources/entityMasterBp.uasset" 399
"../../../../../../Users/Kapoios/Documents/Unreal/zzzombie/Content/meleeMat.uasset" 400
"../../../../../../Users/Kapoios/Documents/Unreal/zzzombie/Content/MobileStarterContent/Materials/M_Basic_Wall.uasset" 401
"../../../../../../Users/Kapoios/Documents/Unreal/zzzombie/Content/MobileStarterContent/Shapes/Shape_Cube.uasset" 402
"../../../../../../Users/Kapoios/Documents/Unreal/zzzombie/Content/meleeActor.uasset" 403
"../../../../../../Users/Kapoios/Documents/Unreal/zzzombie/Content/rangeActor.uasset" 404
"../../../../../../Users/Kapoios/Documents/Unreal/zzzombie/Content/Zombie/Zombie_01/Materials/Zombie01_Texture_01.uasset" 405
"../../../../../../Users/Kapoios/Documents/Unreal/zzzombie/Content/Zombie/Zombie_01/Materials/zombie_01_OcclusionRoughnessMetallic.uasset" 406
"../../../../../../Users/Kapoios/Documents/Unreal/zzzombie/Content/Zombie/Zombie_01/Materials/M_Zombie01_01.uasset" 407
"../../../../../../Users/Kapoios/Documents/Unreal/zzzombie/Content/Zombie/Zombie_01/Materials/Zombie01_Texture_02.uasset" 408
"../../../../../../Users/Kapoios/Documents/Unreal/zzzombie/Content/Zombie/Zombie_01/Materials/M_Zombie01_02.uasset" 409
"../../../../../../Users/Kapoios/Documents/Unreal/zzzombie/Content/Zombie/Zombie_01/Materials/Zombie01_Texture_03.uasset" 410
"../../../../../../Users/Kapoios/Documents/Unreal/zzzombie/Content/Zombie/Zombie_01/Materials/M_Zombie01_03.uasset" 411
"../../../../../../Users/Kapoios/Documents/Unreal/zzzombie/Content/Zombie/Zombie_01/Materials/Zombie01_Texture_04.uasset" 412
"../../../../../../Users/Kapoios/Documents/Unreal/zzzombie/Content/Zombie/Zombie_01/Materials/M_Zombie01_04.uasset" 413
"../../../../../../Users/Kapoios/Documents/Unreal/zzzombie/Content/Blueprints/Structures/Enemys/enemyStatsStr.uasset" 414
"../../../../../../Users/Kapoios/Documents/Unreal/zzzombie/Content/MobileStarterContent/Shapes/Shape_Cylinder.uasset" 415
"../../../../../../Users/Kapoios/Documents/Unreal/zzzombie/Content/Particles/Blood_Burst/BloodStain.uasset" 416
"../../../../../../Users/Kapoios/Documents/Unreal/zzzombie/Content/Particles/Blood_Burst/BloodStain_normal.uasset" 417
"../../../../../../Users/Kapoios/Documents/Unreal/zzzombie/Content/Particles/Blood_Burst/M_BloodStain.uasset" 418
"../../../../../../Users/Kapoios/Documents/Unreal/zzzombie/Content/Particles/Blood_Burst/P_Bloodburst.uasset" 419
"../../../../../../Users/Kapoios/Documents/Unreal/zzzombie/Content/Zombie/Zombie_01/M_Zombie01_01.uasset" 420
"../../../../../../Users/Kapoios/Documents/Unreal/zzzombie/Content/Zombie/Zombie_01/zombie_PhysicsAsset.uasset" 421
"../../../../../../Users/Kapoios/Documents/Unreal/zzzombie/Content/Zombie/Zombie_01/zombie.uasset" 422
"../../../../../../Users/Kapoios/Documents/Unreal/zzzombie/Content/Blueprints/enemy/enemyZombie.uasset" 423
"../../../../../../Users/Kapoios/Documents/Unreal/zzzombie/Content/Zombie/Zombie_02/Zombie_02_Anim_bp.uasset" 424
"../../../../../../Users/Kapoios/Documents/Unreal/zzzombie/Content/Zombie/Zombie_02/Materials/Zombie02_Texture_01.uasset" 425
"../../../../../../Users/Kapoios/Documents/Unreal/zzzombie/Content/Zombie/Zombie_02/Materials/zombie_02_OcclusionRoughnessMetallic.uasset" 426
"../../../../../../Users/Kapoios/Documents/Unreal/zzzombie/Content/Zombie/Zombie_02/Materials/M_Zombie02.uasset" 427
"../../../../../../Users/Kapoios/Documents/Unreal/zzzombie/Content/Zombie/Zombie_02/zombie_02_PhysicsAsset.uasset" 428
"../../../../../../Users/Kapoios/Documents/Unreal/zzzombie/Content/Zombie/Zombie_02/zombie_02.uasset" 429
"../../../../../../Users/Kapoios/Documents/Unreal/zzzombie/Content/Blueprints/enemy/enemyZombie02.uasset" 430
"../../../Engine/Content/MapTemplates/Sky/DaylightAmbientCubemap.uasset" 431
"../../../../../../Users/Kapoios/Documents/Unreal/zzzombie/Content/StarterContent/Blueprints/Assets/M_LightStage_Skybox_Master.uasset" 432
"../../../../../../Users/Kapoios/Documents/Unreal/zzzombie/Content/StarterContent/Blueprints/Assets/M_LightStage_Skybox_HDRI.uasset" 433
"../../../../../../Users/Kapoios/Documents/Unreal/zzzombie/Content/StarterContent/Blueprints/Assets/Skybox.uasset" 434
"../../../../../../Users/Kapoios/Documents/Unreal/zzzombie/Content/Blueprints/Traps/TrapMaster.uasset" 435
"../../../../../../Users/Kapoios/Documents/Unreal/zzzombie/Content/Props/Fence/Fence_01_-_Wood_Plank_BaseColor.uasset" 436
"../../../../../../Users/Kapoios/Documents/Unreal/zzzombie/Content/Props/Fence/Fence_01_-_Wood_Plank_Normal.uasset" 437
"../../../../../../Users/Kapoios/Documents/Unreal/zzzombie/Content/Props/Fence/Fence_01_-_Wood_Plank_OcclusionRoughnessMetallic.uasset" 438
"../../../../../../Users/Kapoios/Documents/Unreal/zzzombie/Content/Props/Fence/01_-_Wood_Plank.uasset" 439
"../../../../../../Users/Kapoios/Documents/Unreal/zzzombie/Content/Props/Fence/Fence_02_-_Wood_Tr_BaseColor.uasset" 440
"../../../../../../Users/Kapoios/Documents/Unreal/zzzombie/Content/Props/Fence/Fence_02_-_Wood_Tr_Normal.uasset" 441
"../../../../../../Users/Kapoios/Documents/Unreal/zzzombie/Content/Props/Fence/Fence_02_-_Wood_Tr_OcclusionRoughnessMetallic.uasset" 442
"../../../../../../Users/Kapoios/Documents/Unreal/zzzombie/Content/Props/Fence/02_-_Wood_Tr.uasset" 443
"../../../../../../Users/Kapoios/Documents/Unreal/zzzombie/Content/Props/Fence/Fence.uasset" 444
"../../../../../../Users/Kapoios/Documents/Unreal/zzzombie/Content/Blueprints/Walls/wallsMaster.uasset" 445
"../../../../../../Users/Kapoios/Documents/Unreal/zzzombie/Content/UI/textures/iron.uasset" 446
"../../../../../../Users/Kapoios/Documents/Unreal/zzzombie/Content/UI/textures/stone.uasset" 447
"../../../../../../Users/Kapoios/Documents/Unreal/zzzombie/Content/UI/textures/wood.uasset" 448
"../../../../../../Users/Kapoios/Documents/Unreal/zzzombie/Content/UI/craftingSlot.uasset" 449
"../../../../../../Users/Kapoios/Documents/Unreal/zzzombie/Content/Textures/obstacle.uasset" 450
"../../../../../../Users/Kapoios/Documents/Unreal/zzzombie/Content/UI/TrapUi/trapSlotUi.uasset" 451
"../../../../../../Users/Kapoios/Documents/Unreal/zzzombie/Content/Textures/new_wall.uasset" 452
"../../../../../../Users/Kapoios/Documents/Unreal/zzzombie/Content/Textures/Materials/new_wall_Mat.uasset" 453
"../../../Engine/Content/BasicShapes/Plane.uasset" 454
"../../../../../../Users/Kapoios/Documents/Unreal/zzzombie/Content/MobileStarterContent/Shapes/Shape_Sphere.uasset" 455
"../../../../../../Users/Kapoios/Documents/Unreal/zzzombie/Content/UI/CraftingUi.uasset" 456
"../../../../../../Users/Kapoios/Documents/Unreal/zzzombie/Content/Blueprints/Walls/WallsButtons/wallButton.uasset" 457
"../../../../../../Users/Kapoios/Documents/Unreal/zzzombie/Content/UI/wallCraftingSlotUi.uasset" 458
"../../../../../../Users/Kapoios/Documents/Unreal/zzzombie/Content/Blueprints/Tools/craftingWidgetsBp.uasset" 459
"../../../../../../Users/Kapoios/Documents/Unreal/zzzombie/Content/Textures/downArrow.uasset" 460
"../../../../../../Users/Kapoios/Documents/Unreal/zzzombie/Content/UI/ItemSlotUi.uasset" 461
"../../../../../../Users/Kapoios/Documents/Unreal/zzzombie/Content/UI/InvevntoryUi.uasset" 462
"../../../../../../Users/Kapoios/Documents/Unreal/zzzombie/Content/UI/TrapUi/trapUi.uasset" 463
"../../../../../../Users/Kapoios/Documents/Unreal/zzzombie/Content/UI/mainGameUi.uasset" 464
"../../../../../../Users/Kapoios/Documents/Unreal/zzzombie/Content/Blueprints/FpSGameModeBase.uasset" 465
"../../../../../../Users/Kapoios/Documents/Unreal/zzzombie/Content/UI/oldItemSlotUi.uasset" 466
"../../../../../../Users/Kapoios/Documents/Unreal/zzzombie/Content/UI/oldInventoryUi.uasset" 467
"../../../../../../Users/Kapoios/Documents/Unreal/zzzombie/Content/UI/mainGameUi1.uasset" 468
"../../../../../../Users/Kapoios/Documents/Unreal/zzzombie/Content/UI/UI_Images/MainMenu/MainMenu0000_Sprite.uasset" 469
"../../../../../../Users/Kapoios/Documents/Unreal/zzzombie/Content/UI/UI_Images/MainMenu/MainMenu0001_Sprite.uasset" 470
"../../../../../../Users/Kapoios/Documents/Unreal/zzzombie/Content/UI/UI_Images/MainMenu/MainMenu0002_Sprite.uasset" 471
"../../../../../../Users/Kapoios/Documents/Unreal/zzzombie/Content/UI/UI_Images/MainMenu/MainMenu0003_Sprite.uasset" 472
"../../../../../../Users/Kapoios/Documents/Unreal/zzzombie/Content/UI/UI_Images/MainMenu/MainMenu0004_Sprite.uasset" 473
"../../../../../../Users/Kapoios/Documents/Unreal/zzzombie/Content/UI/UI_Images/MainMenu/MainMenu0005_Sprite.uasset" 474
"../../../../../../Users/Kapoios/Documents/Unreal/zzzombie/Content/UI/UI_Images/MainMenu/MainMenu0006_Sprite.uasset" 475
"../../../../../../Users/Kapoios/Documents/Unreal/zzzombie/Content/UI/UI_Images/MainMenu/MainMenu0007_Sprite.uasset" 476
"../../../../../../Users/Kapoios/Documents/Unreal/zzzombie/Content/UI/UI_Images/MainMenu/MainMenu0008_Sprite.uasset" 477
"../../../../../../Users/Kapoios/Documents/Unreal/zzzombie/Content/UI/UI_Images/MainMenu/MainMenu0009_Sprite.uasset" 478
"../../../../../../Users/Kapoios/Documents/Unreal/zzzombie/Content/UI/UI_Images/MainMenu/MainMenu0010_Sprite.uasset" 479
"../../../../../../Users/Kapoios/Documents/Unreal/zzzombie/Content/UI/UI_Images/MainMenu/MainMenu0011_Sprite.uasset" 480
"../../../../../../Users/Kapoios/Documents/Unreal/zzzombie/Content/UI/UI_Images/MainMenu/MainMenu0012_Sprite.uasset" 481
"../../../../../../Users/Kapoios/Documents/Unreal/zzzombie/Content/UI/UI_Images/MainMenu/MainMenu0013_Sprite.uasset" 482
"../../../../../../Users/Kapoios/Documents/Unreal/zzzombie/Content/UI/UI_Images/MainMenu/MainMenu0014_Sprite.uasset" 483
"../../../../../../Users/Kapoios/Documents/Unreal/zzzombie/Content/UI/UI_Images/MainMenu/MainMenu0015_Sprite.uasset" 484
"../../../../../../Users/Kapoios/Documents/Unreal/zzzombie/Content/UI/UI_Images/MainMenu/MainMenu0016_Sprite.uasset" 485
"../../../../../../Users/Kapoios/Documents/Unreal/zzzombie/Content/UI/UI_Images/MainMenu/MainMenu0017_Sprite.uasset" 486
"../../../../../../Users/Kapoios/Documents/Unreal/zzzombie/Content/UI/UI_Images/MainMenu/MainMenu0018_Sprite.uasset" 487
"../../../../../../Users/Kapoios/Documents/Unreal/zzzombie/Content/UI/UI_Images/MainMenu/MainMenu0019_Sprite.uasset" 488
"../../../../../../Users/Kapoios/Documents/Unreal/zzzombie/Content/UI/UI_Images/MainMenu/MainMenu0020_Sprite.uasset" 489
"../../../../../../Users/Kapoios/Documents/Unreal/zzzombie/Content/UI/UI_Images/MainMenu/MainMenu0021_Sprite.uasset" 490
"../../../../../../Users/Kapoios/Documents/Unreal/zzzombie/Content/UI/UI_Images/MainMenu/MainMenu0022_Sprite.uasset" 491
"../../../../../../Users/Kapoios/Documents/Unreal/zzzombie/Content/UI/UI_Images/MainMenu/MainMenu0023_Sprite.uasset" 492
"../../../../../../Users/Kapoios/Documents/Unreal/zzzombie/Content/UI/UI_Images/MainMenu/MainMenu0024_Sprite.uasset" 493
"../../../../../../Users/Kapoios/Documents/Unreal/zzzombie/Content/UI/UI_Images/MainMenu/MainMenu0025_Sprite.uasset" 494
"../../../../../../Users/Kapoios/Documents/Unreal/zzzombie/Content/UI/UI_Images/MainMenu/MainMenu0026_Sprite.uasset" 495
"../../../../../../Users/Kapoios/Documents/Unreal/zzzombie/Content/UI/UI_Images/MainMenu/MainMenu0027_Sprite.uasset" 496
"../../../../../../Users/Kapoios/Documents/Unreal/zzzombie/Content/UI/UI_Images/MainMenu/MainMenu0028_Sprite.uasset" 497
"../../../../../../Users/Kapoios/Documents/Unreal/zzzombie/Content/UI/UI_Images/MainMenu/MainMenu0029_Sprite.uasset" 498
"../../../../../../Users/Kapoios/Documents/Unreal/zzzombie/Content/UI/UI_Images/MainMenu/MainMenu0030_Sprite.uasset" 499
"../../../../../../Users/Kapoios/Documents/Unreal/zzzombie/Content/UI/UI_Images/MainMenu/MainMenu0031_Sprite.uasset" 500
"../../../../../../Users/Kapoios/Documents/Unreal/zzzombie/Content/UI/UI_Images/MainMenu/MainMenu0032_Sprite.uasset" 501
"../../../../../../Users/Kapoios/Documents/Unreal/zzzombie/Content/UI/UI_Images/MainMenu/MainMenu0033_Sprite.uasset" 502
"../../../../../../Users/Kapoios/Documents/Unreal/zzzombie/Content/UI/UI_Images/MainMenu/MainMenu0034_Sprite.uasset" 503
"../../../../../../Users/Kapoios/Documents/Unreal/zzzombie/Content/UI/UI_Images/MainMenu/MainMenu0035_Sprite.uasset" 504
"../../../../../../Users/Kapoios/Documents/Unreal/zzzombie/Content/UI/UI_Images/MainMenu/MainMenu0036_Sprite.uasset" 505
"../../../../../../Users/Kapoios/Documents/Unreal/zzzombie/Content/UI/UI_Images/MainMenu/MainMenu0037_Sprite.uasset" 506
"../../../../../../Users/Kapoios/Documents/Unreal/zzzombie/Content/UI/UI_Images/MainMenu/MainMenu0038_Sprite.uasset" 507
"../../../../../../Users/Kapoios/Documents/Unreal/zzzombie/Content/UI/UI_Images/MainMenu/MainMenu0039_Sprite.uasset" 508
"../../../../../../Users/Kapoios/Documents/Unreal/zzzombie/Content/UI/UI_Images/MainMenu/MainMenu0040_Sprite.uasset" 509
"../../../../../../Users/Kapoios/Documents/Unreal/zzzombie/Content/UI/UI_Images/MainMenu/MainMenu0041_Sprite.uasset" 510
"../../../../../../Users/Kapoios/Documents/Unreal/zzzombie/Content/UI/UI_Images/MainMenu/MainMenu0042_Sprite.uasset" 511
"../../../../../../Users/Kapoios/Documents/Unreal/zzzombie/Content/UI/UI_Images/MainMenu/MainMenu0043_Sprite.uasset" 512
"../../../../../../Users/Kapoios/Documents/Unreal/zzzombie/Content/UI/UI_Images/MainMenu/MainMenu0044_Sprite.uasset" 513
"../../../../../../Users/Kapoios/Documents/Unreal/zzzombie/Content/UI/UI_Images/MainMenu/MainMenu0045_Sprite.uasset" 514
"../../../../../../Users/Kapoios/Documents/Unreal/zzzombie/Content/UI/UI_Images/MainMenu/MainMenu0046_Sprite.uasset" 515
"../../../../../../Users/Kapoios/Documents/Unreal/zzzombie/Content/UI/UI_Images/MainMenu/MainMenu0047_Sprite.uasset" 516
"../../../../../../Users/Kapoios/Documents/Unreal/zzzombie/Content/UI/UI_Images/MainMenu/MainMenu0048_Sprite.uasset" 517
"../../../../../../Users/Kapoios/Documents/Unreal/zzzombie/Content/UI/UI_Images/MainMenu/MainMenu0049_Sprite.uasset" 518
"../../../../../../Users/Kapoios/Documents/Unreal/zzzombie/Content/UI/UI_Images/MainMenu/MainMenu0050_Sprite.uasset" 519
"../../../../../../Users/Kapoios/Documents/Unreal/zzzombie/Content/UI/UI_Images/MainMenu/MainMenu0051_Sprite.uasset" 520
"../../../../../../Users/Kapoios/Documents/Unreal/zzzombie/Content/UI/UI_Images/MainMenu/MainMenu0052_Sprite.uasset" 521
"../../../../../../Users/Kapoios/Documents/Unreal/zzzombie/Content/UI/UI_Images/MainMenu/MainMenu0053_Sprite.uasset" 522
"../../../../../../Users/Kapoios/Documents/Unreal/zzzombie/Content/UI/UI_Images/MainMenu/MainMenu0054_Sprite.uasset" 523
"../../../../../../Users/Kapoios/Documents/Unreal/zzzombie/Content/UI/UI_Images/MainMenu/MainMenu0055_Sprite.uasset" 524
"../../../../../../Users/Kapoios/Documents/Unreal/zzzombie/Content/UI/UI_Images/MainMenu/MainMenu0056_Sprite.uasset" 525
"../../../../../../Users/Kapoios/Documents/Unreal/zzzombie/Content/UI/UI_Images/MainMenu/MainMenu0057_Sprite.uasset" 526
"../../../../../../Users/Kapoios/Documents/Unreal/zzzombie/Content/UI/UI_Images/MainMenu/MainMenu0058_Sprite.uasset" 527
"../../../../../../Users/Kapoios/Documents/Unreal/zzzombie/Content/UI/UI_Images/MainMenu/MainMenu0059_Sprite.uasset" 528
"../../../../../../Users/Kapoios/Documents/Unreal/zzzombie/Content/UI/UI_Images/MainMenu/MainMenu0060_Sprite.uasset" 529
"../../../../../../Users/Kapoios/Documents/Unreal/zzzombie/Content/UI/UI_Images/MainMenu/MainMenu0061_Sprite.uasset" 530
"../../../../../../Users/Kapoios/Documents/Unreal/zzzombie/Content/UI/UI_Images/MainMenu/MainMenu0062_Sprite.uasset" 531
"../../../../../../Users/Kapoios/Documents/Unreal/zzzombie/Content/UI/UI_Images/MainMenu/MainMenu0063_Sprite.uasset" 532
"../../../../../../Users/Kapoios/Documents/Unreal/zzzombie/Content/UI/UI_Images/MainMenu/MainMenu0064_Sprite.uasset" 533
"../../../../../../Users/Kapoios/Documents/Unreal/zzzombie/Content/UI/UI_Images/MainMenu/MainMenu0065_Sprite.uasset" 534
"../../../../../../Users/Kapoios/Documents/Unreal/zzzombie/Content/UI/UI_Images/MainMenu/MainMenu0066_Sprite.uasset" 535
"../../../../../../Users/Kapoios/Documents/Unreal/zzzombie/Content/UI/UI_Images/MainMenu/MainMenu0067_Sprite.uasset" 536
"../../../../../../Users/Kapoios/Documents/Unreal/zzzombie/Content/UI/UI_Images/MainMenu/MainMenu0068_Sprite.uasset" 537
"../../../../../../Users/Kapoios/Documents/Unreal/zzzombie/Content/UI/UI_Images/MainMenu/MainMenu0069_Sprite.uasset" 538
"../../../../../../Users/Kapoios/Documents/Unreal/zzzombie/Content/UI/UI_Images/MainMenu/MainMenu0070_Sprite.uasset" 539
"../../../../../../Users/Kapoios/Documents/Unreal/zzzombie/Content/UI/UI_Images/MainMenu/PF_MainMenu.uasset" 540
"../../../../../../Users/Kapoios/Documents/Unreal/zzzombie/Content/UI/MainMenuUI.uasset" 541
"../../../../../../Users/Kapoios/Documents/Unreal/zzzombie/Content/UI/newInvevntoryUi.uasset" 542
"../../../../../../Users/Kapoios/Documents/Unreal/zzzombie/Content/UI/newItemSlot.uasset" 543
"../../../../../../Users/Kapoios/Documents/Unreal/zzzombie/Content/UI/uiInventory.uasset" 544
"../../../../../../Users/Kapoios/Documents/Unreal/zzzombie/Content/UI/UiItemSlot.uasset" 545
"../../../../../../Users/Kapoios/Documents/Unreal/zzzombie/Content/UI/UI_Images/ChangeTool/empty_slot.uasset" 546
"../../../../../../Users/Kapoios/Documents/Unreal/zzzombie/Content/UI/UI_Images/ChangeTool/Selection_Window.uasset" 547
"../../../../../../Users/Kapoios/Documents/Unreal/zzzombie/Content/UI/UI_Images/ChangeTool/tool_elpty_slot.uasset" 548
"../../../../../../Users/Kapoios/Documents/Unreal/zzzombie/Content/UI/UI_Images/MainMenu/MainMenu0000.uasset" 549
"../../../../../../Users/Kapoios/Documents/Unreal/zzzombie/Content/UI/UI_Images/MainMenu/MainMenu0001.uasset" 550
"../../../../../../Users/Kapoios/Documents/Unreal/zzzombie/Content/UI/UI_Images/MainMenu/MainMenu0002.uasset" 551
"../../../../../../Users/Kapoios/Documents/Unreal/zzzombie/Content/UI/UI_Images/MainMenu/MainMenu0003.uasset" 552
"../../../../../../Users/Kapoios/Documents/Unreal/zzzombie/Content/UI/UI_Images/MainMenu/MainMenu0004.uasset" 553
"../../../../../../Users/Kapoios/Documents/Unreal/zzzombie/Content/UI/UI_Images/MainMenu/MainMenu0005.uasset" 554
"../../../../../../Users/Kapoios/Documents/Unreal/zzzombie/Content/UI/UI_Images/MainMenu/MainMenu0006.uasset" 555
"../../../../../../Users/Kapoios/Documents/Unreal/zzzombie/Content/UI/UI_Images/MainMenu/MainMenu0007.uasset" 556
"../../../../../../Users/Kapoios/Documents/Unreal/zzzombie/Content/UI/UI_Images/MainMenu/MainMenu0008.uasset" 557
"../../../../../../Users/Kapoios/Documents/Unreal/zzzombie/Content/UI/UI_Images/MainMenu/MainMenu0009.uasset" 558
"../../../../../../Users/Kapoios/Documents/Unreal/zzzombie/Content/UI/UI_Images/MainMenu/MainMenu0010.uasset" 559
"../../../../../../Users/Kapoios/Documents/Unreal/zzzombie/Content/UI/UI_Images/MainMenu/MainMenu0011.uasset" 560
"../../../../../../Users/Kapoios/Documents/Unreal/zzzombie/Content/UI/UI_Images/MainMenu/MainMenu0012.uasset" 561
"../../../../../../Users/Kapoios/Documents/Unreal/zzzombie/Content/UI/UI_Images/MainMenu/MainMenu0013.uasset" 562
"../../../../../../Users/Kapoios/Documents/Unreal/zzzombie/Content/UI/UI_Images/MainMenu/MainMenu0014.uasset" 563
"../../../../../../Users/Kapoios/Documents/Unreal/zzzombie/Content/UI/UI_Images/MainMenu/MainMenu0015.uasset" 564
"../../../../../../Users/Kapoios/Documents/Unreal/zzzombie/Content/UI/UI_Images/MainMenu/MainMenu0016.uasset" 565
"../../../../../../Users/Kapoios/Documents/Unreal/zzzombie/Content/UI/UI_Images/MainMenu/MainMenu0017.uasset" 566
"../../../../../../Users/Kapoios/Documents/Unreal/zzzombie/Content/UI/UI_Images/MainMenu/MainMenu0018.uasset" 567
"../../../../../../Users/Kapoios/Documents/Unreal/zzzombie/Content/UI/UI_Images/MainMenu/MainMenu0019.uasset" 568
"../../../../../../Users/Kapoios/Documents/Unreal/zzzombie/Content/UI/UI_Images/MainMenu/MainMenu0020.uasset" 569
"../../../../../../Users/Kapoios/Documents/Unreal/zzzombie/Content/UI/UI_Images/MainMenu/MainMenu0021.uasset" 570
"../../../../../../Users/Kapoios/Documents/Unreal/zzzombie/Content/UI/UI_Images/MainMenu/MainMenu0022.uasset" 571
"../../../../../../Users/Kapoios/Documents/Unreal/zzzombie/Content/UI/UI_Images/MainMenu/MainMenu0023.uasset" 572
"../../../../../../Users/Kapoios/Documents/Unreal/zzzombie/Content/UI/UI_Images/MainMenu/MainMenu0024.uasset" 573
"../../../../../../Users/Kapoios/Documents/Unreal/zzzombie/Content/UI/UI_Images/MainMenu/MainMenu0025.uasset" 574
"../../../../../../Users/Kapoios/Documents/Unreal/zzzombie/Content/UI/UI_Images/MainMenu/MainMenu0026.uasset" 575
"../../../../../../Users/Kapoios/Documents/Unreal/zzzombie/Content/UI/UI_Images/MainMenu/MainMenu0027.uasset" 576
"../../../../../../Users/Kapoios/Documents/Unreal/zzzombie/Content/UI/UI_Images/MainMenu/MainMenu0028.uasset" 577
"../../../../../../Users/Kapoios/Documents/Unreal/zzzombie/Content/UI/UI_Images/MainMenu/MainMenu0029.uasset" 578
"../../../../../../Users/Kapoios/Documents/Unreal/zzzombie/Content/UI/UI_Images/MainMenu/MainMenu0030.uasset" 579
"../../../../../../Users/Kapoios/Documents/Unreal/zzzombie/Content/UI/UI_Images/MainMenu/MainMenu0031.uasset" 580
"../../../../../../Users/Kapoios/Documents/Unreal/zzzombie/Content/UI/UI_Images/MainMenu/MainMenu0032.uasset" 581
"../../../../../../Users/Kapoios/Documents/Unreal/zzzombie/Content/UI/UI_Images/MainMenu/MainMenu0033.uasset" 582
"../../../../../../Users/Kapoios/Documents/Unreal/zzzombie/Content/UI/UI_Images/MainMenu/MainMenu0034.uasset" 583
"../../../../../../Users/Kapoios/Documents/Unreal/zzzombie/Content/UI/UI_Images/MainMenu/MainMenu0035.uasset" 584
"../../../../../../Users/Kapoios/Documents/Unreal/zzzombie/Content/UI/UI_Images/MainMenu/MainMenu0036.uasset" 585
"../../../../../../Users/Kapoios/Documents/Unreal/zzzombie/Content/UI/UI_Images/MainMenu/MainMenu0037.uasset" 586
"../../../../../../Users/Kapoios/Documents/Unreal/zzzombie/Content/UI/UI_Images/MainMenu/MainMenu0038.uasset" 587
"../../../../../../Users/Kapoios/Documents/Unreal/zzzombie/Content/UI/UI_Images/MainMenu/MainMenu0039.uasset" 588
"../../../../../../Users/Kapoios/Documents/Unreal/zzzombie/Content/UI/UI_Images/MainMenu/MainMenu0040.uasset" 589
"../../../../../../Users/Kapoios/Documents/Unreal/zzzombie/Content/UI/UI_Images/MainMenu/MainMenu0041.uasset" 590
"../../../../../../Users/Kapoios/Documents/Unreal/zzzombie/Content/UI/UI_Images/MainMenu/MainMenu0042.uasset" 591
"../../../../../../Users/Kapoios/Documents/Unreal/zzzombie/Content/UI/UI_Images/MainMenu/MainMenu0043.uasset" 592
"../../../../../../Users/Kapoios/Documents/Unreal/zzzombie/Content/UI/UI_Images/MainMenu/MainMenu0044.uasset" 593
"../../../../../../Users/Kapoios/Documents/Unreal/zzzombie/Content/UI/UI_Images/MainMenu/MainMenu0045.uasset" 594
"../../../../../../Users/Kapoios/Documents/Unreal/zzzombie/Content/UI/UI_Images/MainMenu/MainMenu0046.uasset" 595
"../../../../../../Users/Kapoios/Documents/Unreal/zzzombie/Content/UI/UI_Images/MainMenu/MainMenu0047.uasset" 596
"../../../../../../Users/Kapoios/Documents/Unreal/zzzombie/Content/UI/UI_Images/MainMenu/MainMenu0048.uasset" 597
"../../../../../../Users/Kapoios/Documents/Unreal/zzzombie/Content/UI/UI_Images/MainMenu/MainMenu0049.uasset" 598
"../../../../../../Users/Kapoios/Documents/Unreal/zzzombie/Content/UI/UI_Images/MainMenu/MainMenu0050.uasset" 599
"../../../../../../Users/Kapoios/Documents/Unreal/zzzombie/Content/UI/UI_Images/MainMenu/MainMenu0051.uasset" 600
"../../../../../../Users/Kapoios/Documents/Unreal/zzzombie/Content/UI/UI_Images/MainMenu/MainMenu0052.uasset" 601
"../../../../../../Users/Kapoios/Documents/Unreal/zzzombie/Content/UI/UI_Images/MainMenu/MainMenu0053.uasset" 602
"../../../../../../Users/Kapoios/Documents/Unreal/zzzombie/Content/UI/UI_Images/MainMenu/MainMenu0054.uasset" 603
"../../../../../../Users/Kapoios/Documents/Unreal/zzzombie/Content/UI/UI_Images/MainMenu/MainMenu0055.uasset" 604
"../../../../../../Users/Kapoios/Documents/Unreal/zzzombie/Content/UI/UI_Images/MainMenu/MainMenu0056.uasset" 605
"../../../../../../Users/Kapoios/Documents/Unreal/zzzombie/Content/UI/UI_Images/MainMenu/MainMenu0057.uasset" 606
"../../../../../../Users/Kapoios/Documents/Unreal/zzzombie/Content/UI/UI_Images/MainMenu/MainMenu0058.uasset" 607
"../../../../../../Users/Kapoios/Documents/Unreal/zzzombie/Content/UI/UI_Images/MainMenu/MainMenu0059.uasset" 608
"../../../../../../Users/Kapoios/Documents/Unreal/zzzombie/Content/UI/UI_Images/MainMenu/MainMenu0060.uasset" 609
"../../../../../../Users/Kapoios/Documents/Unreal/zzzombie/Content/UI/UI_Images/MainMenu/MainMenu0061.uasset" 610
"../../../../../../Users/Kapoios/Documents/Unreal/zzzombie/Content/UI/UI_Images/MainMenu/MainMenu0062.uasset" 611
"../../../../../../Users/Kapoios/Documents/Unreal/zzzombie/Content/UI/UI_Images/MainMenu/MainMenu0063.uasset" 612
"../../../../../../Users/Kapoios/Documents/Unreal/zzzombie/Content/UI/UI_Images/MainMenu/MainMenu0064.uasset" 613
"../../../../../../Users/Kapoios/Documents/Unreal/zzzombie/Content/UI/UI_Images/MainMenu/MainMenu0065.uasset" 614
"../../../../../../Users/Kapoios/Documents/Unreal/zzzombie/Content/UI/UI_Images/MainMenu/MainMenu0066.uasset" 615
"../../../../../../Users/Kapoios/Documents/Unreal/zzzombie/Content/UI/UI_Images/MainMenu/MainMenu0067.uasset" 616
"../../../../../../Users/Kapoios/Documents/Unreal/zzzombie/Content/UI/UI_Images/MainMenu/MainMenu0068.uasset" 617
"../../../../../../Users/Kapoios/Documents/Unreal/zzzombie/Content/UI/UI_Images/MainMenu/MainMenu0069.uasset" 618
"../../../../../../Users/Kapoios/Documents/Unreal/zzzombie/Content/UI/UI_Images/MainMenu/MainMenu0070.uasset" 619
"../../../../../../Users/Kapoios/Documents/Unreal/zzzombie/Content/UI/UI_Images/Tools/Bow.uasset" 620
"../../../../../../Users/Kapoios/Documents/Unreal/zzzombie/Content/UI/UI_Images/Tools/Crossbow.uasset" 621
"../../../../../../Users/Kapoios/Documents/Unreal/zzzombie/Content/UI/UI_Images/Tools/Iron_Axe.uasset" 622
"../../../../../../Users/Kapoios/Documents/Unreal/zzzombie/Content/UI/UI_Images/Tools/Iron_Hammer.uasset" 623
"../../../../../../Users/Kapoios/Documents/Unreal/zzzombie/Content/UI/UI_Images/Tools/Iron_Pickaxe.uasset" 624
"../../../../../../Users/Kapoios/Documents/Unreal/zzzombie/Content/UI/UI_Images/Tools/Iron_Sword.uasset" 625
"../../../../../../Users/Kapoios/Documents/Unreal/zzzombie/Content/UI/UI_Images/Tools/Slingshot.uasset" 626
"../../../../../../Users/Kapoios/Documents/Unreal/zzzombie/Content/UI/UI_Images/Tools/Stone_Axe.uasset" 627
"../../../../../../Users/Kapoios/Documents/Unreal/zzzombie/Content/UI/UI_Images/Tools/Stone_Hammer.uasset" 628
"../../../../../../Users/Kapoios/Documents/Unreal/zzzombie/Content/UI/UI_Images/Tools/Stone_Pickaxe.uasset" 629
"../../../../../../Users/Kapoios/Documents/Unreal/zzzombie/Content/UI/UI_Images/Tools/Stone_Pickaxr.uasset" 630
"../../../../../../Users/Kapoios/Documents/Unreal/zzzombie/Content/UI/UI_Images/Tools/Stone_Sword.uasset" 631
"../../../../../../Users/Kapoios/Documents/Unreal/zzzombie/Content/UI/UI_Images/Tools/Wooden_Axe.uasset" 632
"../../../../../../Users/Kapoios/Documents/Unreal/zzzombie/Content/UI/UI_Images/Tools/Wooden_hammer.uasset" 633
"../../../../../../Users/Kapoios/Documents/Unreal/zzzombie/Content/UI/UI_Images/Tools/Wooden_pickaxe.uasset" 634
"../../../../../../Users/Kapoios/Documents/Unreal/zzzombie/Content/UI/UI_Images/Tools/Wooden_Sword.uasset" 635
"../../Plugins/2D/Paper2D/Content/PlaceholderTextures/DummySpriteTexture.uasset" 636
"../../Plugins/2D/Paper2D/Content/DummySprite.uasset" 637
"../../Plugins/2D/Paper2D/Content/DefaultPaperTerrainMaterial.uasset" 638
"../../Plugins/2D/Paper2D/Content/DefaultSpriteMaterial.uasset" 639
"../../Plugins/2D/Paper2D/Content/MaskedUnlitSpriteMaterial.uasset" 640
"../../Plugins/2D/Paper2D/Content/OpaqueUnlitSpriteMaterial.uasset" 641
"../../Plugins/FX/Niagara/Content/Enums/ENiagaraAnimTrailWidthMode.uasset" 642
"../../Plugins/FX/Niagara/Content/Enums/ENiagaraBoneSamplingMode.uasset" 643
"../../Plugins/FX/Niagara/Content/Enums/ENiagaraBoneSocketSamplingMode.uasset" 644
"../../Plugins/FX/Niagara/Content/Enums/ENiagaraBooleanLogicOps.uasset" 645
"../../Plugins/FX/Niagara/Content/Enums/ENiagaraBooleanLogicOps_v2.uasset" 646
"../../Plugins/FX/Niagara/Content/Enums/ENiagaraCalculateRadiusOptions.uasset" 647
"../../Plugins/FX/Niagara/Content/Enums/ENiagaraChannelCorrelation.uasset" 648
"../../Plugins/FX/Niagara/Content/Enums/ENiagaraCollisionRadiusOptions.uasset" 649
"../../Plugins/FX/Niagara/Content/Enums/ENiagaraCoordinateSpace.uasset" 650
"../../Plugins/FX/Niagara/Content/Enums/ENiagaraCurlNoiseQuality.uasset" 651
"../../Plugins/FX/Niagara/Content/Enums/ENiagaraEmitterLifeCycleMode.uasset" 652
"../../Plugins/FX/Niagara/Content/Enums/ENiagaraEmitterScalabilityMode.uasset" 653
"../../Plugins/FX/Niagara/Content/Enums/ENiagaraEmitterScalabilityMode_Limited.uasset" 654
"../../Plugins/FX/Niagara/Content/Enums/ENiagaraExecutionStateManagement.uasset" 655
"../../Plugins/FX/Niagara/Content/Enums/ENiagaraExpansionMode.uasset" 656
"../../Plugins/FX/Niagara/Content/Enums/ENiagaraFrictionMergeType.uasset" 657
"../../Plugins/FX/Niagara/Content/Enums/ENiagaraGPUDepthResponseType.uasset" 658
"../../Plugins/FX/Niagara/Content/Enums/ENiagaraGridPlacementType.uasset" 659
"../../Plugins/FX/Niagara/Content/Enums/ENiagaraInactiveMode.uasset" 660
"../../Plugins/FX/Niagara/Content/Enums/ENiagaraKillVolumeOptions.uasset" 661
"../../Plugins/FX/Niagara/Content/Enums/ENiagaraLinearColor_Channels.uasset" 662
"../../Plugins/FX/Niagara/Content/Enums/ENiagaraMassByVolume.uasset" 663
"../../Plugins/FX/Niagara/Content/Enums/ENiagaraMassCalculationForRendererTypes.uasset" 664
"../../Plugins/FX/Niagara/Content/Enums/ENiagaraMeshOrSprite.uasset" 665
"../../Plugins/FX/Niagara/Content/Enums/ENiagaraMeshSamplingMode.uasset" 666
"../../Plugins/FX/Niagara/Content/Enums/ENiagaraMeshSurfaceSamplingMode.uasset" 667
"../../Plugins/FX/Niagara/Content/Enums/ENiagaraMeshTransforms.uasset" 668
"../../Plugins/FX/Niagara/Content/Enums/ENiagaraMinOrMax.uasset" 669
"../../Plugins/FX/Niagara/Content/Enums/ENiagaraOrientationAxis.uasset" 670
"../../Plugins/FX/Niagara/Content/Enums/ENiagaraRandomnessMode.uasset" 671
"../../Plugins/FX/Niagara/Content/Enums/ENiagaraRestitutionMergeType.uasset" 672
"../../Plugins/FX/Niagara/Content/Enums/ENiagaraScaleColorMode.uasset" 673
"../../Plugins/FX/Niagara/Content/Enums/ENiagaraSimulationTarget.uasset" 674
"../../Plugins/FX/Niagara/Content/Enums/ENiagaraSkeletalSpawning.uasset" 675
"../../Plugins/FX/Niagara/Content/Enums/ENiagaraSkelSamplingFilteringMode.uasset" 676
"../../Plugins/FX/Niagara/Content/Enums/ENiagaraSkelSamplingModeFull.uasset" 677
"../../Plugins/FX/Niagara/Content/Enums/ENiagaraSocketSamplingMode.uasset" 678
"../../Plugins/FX/Niagara/Content/Enums/ENiagaraSUbUVAnimationMode.uasset" 679
"../../Plugins/FX/Niagara/Content/Enums/ENiagaraSystemInactiveMode.uasset" 680
"../../Plugins/FX/Niagara/Content/Enums/ENiagaraTorusDistributionMode.uasset" 681
"../../Plugins/FX/Niagara/Content/Enums/ENiagaraTorusMode.uasset" 682
"../../Plugins/FX/Niagara/Content/Enums/ENiagaraTriangleSamplingMode.uasset" 683
"../../Plugins/FX/Niagara/Content/Enums/ENiagaraVector2_Channels.uasset" 684
"../../Plugins/FX/Niagara/Content/Enums/ENiagaraVector3_Channels.uasset" 685
"../../Plugins/FX/Niagara/Content/Enums/ENiagaraVector4_Channels.uasset" 686
"../../Plugins/FX/Niagara/Content/Enums/ENiagaraVertexFilteringMode.uasset" 687
"../../Plugins/FX/Niagara/Content/Enums/ENiagaraVertexSamplingMode.uasset" 688
"../../Plugins/FX/Niagara/Content/Enums/ENiagara_CameraMeshOrientation.uasset" 689
"../../Plugins/FX/Niagara/Content/Enums/ENiagara_CameraProperties.uasset" 690
"../../Plugins/FX/Niagara/Content/Enums/ENiagara_CollisionType.uasset" 691
"../../Plugins/FX/Niagara/Content/Enums/ENiagara_CPUCollisionType.uasset" 692
"../../Plugins/FX/Niagara/Content/Enums/ENiagara_EmitterStateOptions.uasset" 693
"../../Plugins/FX/Niagara/Content/Enums/ENiagara_Float4Channel.uasset" 694
"../../Plugins/FX/Niagara/Content/Enums/ENiagara_GPUCollisionType.uasset" 695
"../../Plugins/FX/Niagara/Content/Enums/ENiagara_InfiniteLoopDuration.uasset" 696
"../../Plugins/FX/Niagara/Content/Icons/S_ParticleSystem.uasset" 697
"../../../Engine/Content/Functions/Engine_MaterialFunctions02/Utility/BreakOutFloat4Components.uasset" 698
"../../Plugins/Runtime/Oculus/OculusVR/Content/Materials/OculusMR_ChromaKey.uasset" 699
"../../Plugins/Runtime/Oculus/OculusVR/Content/Materials/OculusMR_ChromaKey_Lit.uasset" 700
"../../Plugins/Runtime/Oculus/OculusVR/Content/Materials/OculusMR_OpaqueColoredMaterial.uasset" 701
"../../Plugins/Runtime/Oculus/OculusVR/Content/Materials/OculusMR_WhiteMaterial.uasset" 702
"../../../Engine/Content/Maps/Entry_BuiltData.uasset" 703
"../../../Engine/Content/Maps/Entry.umap" 704
"../../../../../../Users/Kapoios/Documents/Unreal/zzzombie/Content/Zombie/Zombie_boss_01/zombie_boss_01_Skeleton.uasset" 705
"../../../../../../Users/Kapoios/Documents/Unreal/zzzombie/Content/Zombie/Zombie_boss_01/Animations/zombie_boss_01_attacked.uasset" 706
"../../../../../../Users/Kapoios/Documents/Unreal/zzzombie/Content/Zombie/Zombie_boss_01/Animations/zombie_boss_01_idle.uasset" 707
"../../../../../../Users/Kapoios/Documents/Unreal/zzzombie/Content/Zombie/Zombie_boss_01/Animations/zombie_boss_01_RangedAttack.uasset" 708
"../../../../../../Users/Kapoios/Documents/Unreal/zzzombie/Content/Zombie/Zombie_boss_01/Animations/zombie_boss_01_walking.uasset" 709
"../../../../../../Users/Kapoios/Documents/Unreal/zzzombie/Content/Zombie/Zombie_boss_01/ZombieBoss01_AnimBlueprint.uasset" 710
"../../../../../../Users/Kapoios/Documents/Unreal/zzzombie/Content/Zombie/Zombie_01/ThrowableZombie_Anim_bp.uasset" 711
"../../../../../../Users/Kapoios/Documents/Unreal/zzzombie/Content/Blueprints/enemy/ThrowableZombie.uasset" 712
"../../../../../../Users/Kapoios/Documents/Unreal/zzzombie/Content/Zombie/Zombie_boss_01/Materials/M_Flies.uasset" 713
"../../../Engine/Content/Functions/Engine_MaterialFunctions01/Gradient/LinearGradient.uasset" 714
"../../../Engine/Content/Functions/Engine_MaterialFunctions01/Density/ExponentialDensity.uasset" 715
"../../../Engine/Content/Functions/Engine_MaterialFunctions01/Gradient/RadialGradientExponential.uasset" 716
"../../../../../../Users/Kapoios/Documents/Unreal/zzzombie/Content/StarterContent/Textures/T_Smoke_Tiled_D.uasset" 717
"../../../../../../Users/Kapoios/Documents/Unreal/zzzombie/Content/Zombie/Zombie_boss_01/Materials/M_Stink.uasset" 718
"../../../../../../Users/Kapoios/Documents/Unreal/zzzombie/Content/Zombie/Zombie_boss_01/Materials/M_Stink_Inst.uasset" 719
"../../../../../../Users/Kapoios/Documents/Unreal/zzzombie/Content/Zombie/Zombie_boss_01/Particles/P_Stink.uasset" 720
"../../../../../../Users/Kapoios/Documents/Unreal/zzzombie/Content/Zombie/Zombie_boss_01/Materials/ZombieBoss_01_OcclusionRoughnessMetallic.uasset" 721
"../../../../../../Users/Kapoios/Documents/Unreal/zzzombie/Content/Zombie/Zombie_boss_01/Materials/ZombieBoss_01_texture.uasset" 722
"../../../../../../Users/Kapoios/Documents/Unreal/zzzombie/Content/Zombie/Zombie_boss_01/Materials/M_Zombie_Boss_01.uasset" 723
"../../../../../../Users/Kapoios/Documents/Unreal/zzzombie/Content/Zombie/Zombie_boss_01/02_-_Default.uasset" 724
"../../../../../../Users/Kapoios/Documents/Unreal/zzzombie/Content/Zombie/Zombie_boss_01/zombie_boss_01_PhysicsAsset.uasset" 725
"../../../../../../Users/Kapoios/Documents/Unreal/zzzombie/Content/Zombie/Zombie_boss_01/zombie_boss_01.uasset" 726
"../../../../../../Users/Kapoios/Documents/Unreal/zzzombie/Content/Blueprints/enemy/enemyZombie_Boss.uasset" 727
"../../../../../../Users/Kapoios/Documents/Unreal/zzzombie/Content/Zombie/Zombie_boss_02/zombie_boss_02_Skeleton.uasset" 728
"../../../../../../Users/Kapoios/Documents/Unreal/zzzombie/Content/Zombie/Zombie_boss_02/Animations/zombie_boss_02_attacking.uasset" 729
"../../../../../../Users/Kapoios/Documents/Unreal/zzzombie/Content/Zombie/Zombie_boss_02/Animations/zombie_boss_02_walking.uasset" 730
"../../../../../../Users/Kapoios/Documents/Unreal/zzzombie/Content/Zombie/Zombie_boss_02/ZombieBoss02_AnimBlueprint.uasset" 731
"../../../../../../Users/Kapoios/Documents/Unreal/zzzombie/Content/Zombie/Zombie_boss_02/Material/boss_hammere_Iron_BaseColor.uasset" 732
"../../../../../../Users/Kapoios/Documents/Unreal/zzzombie/Content/Zombie/Zombie_boss_02/Material/boss_hammere_Iron_OcclusionRoughnessMetallic.uasset" 733
"../../../../../../Users/Kapoios/Documents/Unreal/zzzombie/Content/Zombie/Zombie_boss_02/Material/M_BossHammer_iron.uasset" 734
"../../../../../../Users/Kapoios/Documents/Unreal/zzzombie/Content/Zombie/Zombie_boss_02/Material/boss_hammere_Wood_BaseColor.uasset" 735
"../../../../../../Users/Kapoios/Documents/Unreal/zzzombie/Content/Zombie/Zombie_boss_02/Material/boss_hammere_Wood_OcclusionRoughnessMetallic.uasset" 736
"../../../../../../Users/Kapoios/Documents/Unreal/zzzombie/Content/Zombie/Zombie_boss_02/Material/M_BossHammer_wood.uasset" 737
"../../../../../../Users/Kapoios/Documents/Unreal/zzzombie/Content/Zombie/Zombie_boss_02/Equipments/boss_hammere.uasset" 738
"../../../../../../Users/Kapoios/Documents/Unreal/zzzombie/Content/Zombie/Zombie_boss_02/Equipments/BossHammer_bp.uasset" 739
"../../../../../../Users/Kapoios/Documents/Unreal/zzzombie/Content/Zombie/Zombie_boss_02/Material/ZombieBoss02_OcclusionRoughnessMetallic.uasset" 740
"../../../../../../Users/Kapoios/Documents/Unreal/zzzombie/Content/Zombie/Zombie_boss_02/Material/ZombieBoss02_texture.uasset" 741
"../../../../../../Users/Kapoios/Documents/Unreal/zzzombie/Content/Zombie/Zombie_boss_02/Material/M_Zombie_Boss_02.uasset" 742
"../../../../../../Users/Kapoios/Documents/Unreal/zzzombie/Content/Zombie/Zombie_boss_02/zombie_boss_02_PhysicsAsset.uasset" 743
"../../../../../../Users/Kapoios/Documents/Unreal/zzzombie/Content/Zombie/Zombie_boss_02/zombie_boss_02.uasset" 744
"../../../../../../Users/Kapoios/Documents/Unreal/zzzombie/Content/Blueprints/enemy/enemyZombie_Boss02.uasset" 745
"../../../../../../Users/Kapoios/Documents/Unreal/zzzombie/Content/Zombie/Zombie_boss_03/Zombie_boss_03_Skeleton.uasset" 746
"../../../../../../Users/Kapoios/Documents/Unreal/zzzombie/Content/Zombie/Zombie_boss_03/Animations/Zombie_boss_03_idle.uasset" 747
"../../../../../../Users/Kapoios/Documents/Unreal/zzzombie/Content/Zombie/Zombie_boss_03/Animations/Zombie_boss_03_walking.uasset" 748
"../../../../../../Users/Kapoios/Documents/Unreal/zzzombie/Content/Zombie/Zombie_boss_03/ZombieBoss03_AnimBlueprint.uasset" 749
"../../../../../../Users/Kapoios/Documents/Unreal/zzzombie/Content/Zombie/Zombie_boss_03/Material/Zombie_boss_03_OcclusionRoughnessMetallic.uasset" 750
"../../../../../../Users/Kapoios/Documents/Unreal/zzzombie/Content/Zombie/Zombie_boss_03/Material/zombie_boss_03_texture.uasset" 751
"../../../../../../Users/Kapoios/Documents/Unreal/zzzombie/Content/Zombie/Zombie_boss_03/Material/M_Zombie_Boss_03.uasset" 752
"../../../../../../Users/Kapoios/Documents/Unreal/zzzombie/Content/Zombie/Zombie_boss_03/Material__26.uasset" 753
"../../../../../../Users/Kapoios/Documents/Unreal/zzzombie/Content/Zombie/Zombie_boss_03/Zombie_boss_03_PhysicsAsset.uasset" 754
"../../../../../../Users/Kapoios/Documents/Unreal/zzzombie/Content/Zombie/Zombie_boss_03/Zombie_boss_03.uasset" 755
"../../../../../../Users/Kapoios/Documents/Unreal/zzzombie/Content/Blueprints/enemy/enemyZombie_Boss03.uasset" 756
"../../../../../../Users/Kapoios/Documents/Unreal/zzzombie/Content/Textures/1190.uasset" 757
"../../../../../../Users/Kapoios/Documents/Unreal/zzzombie/Content/Textures/1190_Mat.uasset" 758
"../../../../../../Users/Kapoios/Documents/Unreal/zzzombie/Content/Blueprints/Spawner/spawnerActor.uasset" 759
"../../../../../../Users/Kapoios/Documents/Unreal/zzzombie/Content/MobileStarterContent/Textures/T_ground_Moss_D.uasset" 760
"../../../../../../Users/Kapoios/Documents/Unreal/zzzombie/Content/MobileStarterContent/Textures/T_Ground_Moss_N.uasset" 761
"../../../../../../Users/Kapoios/Documents/Unreal/zzzombie/Content/MobileStarterContent/Materials/M_Ground_Moss.uasset" 762
"../../../../../../Users/Kapoios/Documents/Unreal/zzzombie/Content/Blueprints/Resources/foodBp.uasset" 763
"../../../../../../Users/Kapoios/Documents/Unreal/zzzombie/Content/Props/Iron/Rock_01_-_iron_BaseColor.uasset" 764
"../../../../../../Users/Kapoios/Documents/Unreal/zzzombie/Content/Props/Iron/Rock_01_-_iron_Normal.uasset" 765
"../../../../../../Users/Kapoios/Documents/Unreal/zzzombie/Content/Props/Iron/Rock_01_-_iron_OcclusionRoughnessMetallic.uasset" 766
"../../../../../../Users/Kapoios/Documents/Unreal/zzzombie/Content/Props/Iron/M_Iron.uasset" 767
"../../../../../../Users/Kapoios/Documents/Unreal/zzzombie/Content/Props/Rock/Rock_01_-_rock_BaseColor.uasset" 768
"../../../../../../Users/Kapoios/Documents/Unreal/zzzombie/Content/Props/Rock/Rock_01_-_rock_Normal.uasset" 769
"../../../../../../Users/Kapoios/Documents/Unreal/zzzombie/Content/Props/Rock/Rock_01_-_rock_OcclusionRoughnessMetallic.uasset" 770
"../../../../../../Users/Kapoios/Documents/Unreal/zzzombie/Content/Props/Rock/01_-_rock.uasset" 771
"../../../../../../Users/Kapoios/Documents/Unreal/zzzombie/Content/Props/Rock/Rock.uasset" 772
"../../../../../../Users/Kapoios/Documents/Unreal/zzzombie/Content/Blueprints/Resources/ironBp.uasset" 773
"../../../../../../Users/Kapoios/Documents/Unreal/zzzombie/Content/Blueprints/Resources/stoneBp.uasset" 774
"../../../../../../Users/Kapoios/Documents/Unreal/zzzombie/Content/Blueprints/Resources/treeBp.uasset" 775
"../../../../../../Users/Kapoios/Documents/Unreal/zzzombie/Content/Blueprints/TileSystem/tile.uasset" 776
"../../../../../../Users/Kapoios/Documents/Unreal/zzzombie/Content/Blueprints/TileSystem/tile_Mat.uasset" 777
"../../../../../../Users/Kapoios/Documents/Unreal/zzzombie/Content/MobileStarterContent/Shapes/Shape_Plane.uasset" 778
"../../../../../../Users/Kapoios/Documents/Unreal/zzzombie/Content/Blueprints/TileSystem/GhostTilesBp.uasset" 779
"../../../../../../Users/Kapoios/Documents/Unreal/zzzombie/Content/Blueprints/TileSystem/tilesBp.uasset" 780
"../../../../../../Users/Kapoios/Documents/Unreal/zzzombie/Content/Blueprints/TileSystem/boardBp.uasset" 781
"../../../../../../Users/Kapoios/Documents/Unreal/zzzombie/Content/Textures/bear_trap.uasset" 782
"../../../../../../Users/Kapoios/Documents/Unreal/zzzombie/Content/Blueprints/Traps/bearTrap.uasset" 783
"../../../../../../Users/Kapoios/Documents/Unreal/zzzombie/Content/Blueprints/Traps/obsTrap.uasset" 784
"../../../../../../Users/Kapoios/Documents/Unreal/zzzombie/Content/Textures/Walls/iron_wall.uasset" 785
"../../../../../../Users/Kapoios/Documents/Unreal/zzzombie/Content/Blueprints/Walls/ironWallBp.uasset" 786
"../../../../../../Users/Kapoios/Documents/Unreal/zzzombie/Content/MobileStarterContent/Textures/T_Brick_Cut_Stone_D.uasset" 787
"../../../../../../Users/Kapoios/Documents/Unreal/zzzombie/Content/MobileStarterContent/Textures/T_Brick_Cut_Stone_N.uasset" 788
"../../../../../../Users/Kapoios/Documents/Unreal/zzzombie/Content/MobileStarterContent/Materials/M_Brick_Cut_Stone.uasset" 789
"../../../../../../Users/Kapoios/Documents/Unreal/zzzombie/Content/StarterContent/Textures/T_Brick_Cut_Stone_D.uasset" 790
"../../../../../../Users/Kapoios/Documents/Unreal/zzzombie/Content/StarterContent/Textures/T_Brick_Cut_Stone_N.uasset" 791
"../../../../../../Users/Kapoios/Documents/Unreal/zzzombie/Content/StarterContent/Textures/T_MacroVariation.uasset" 792
"../../../../../../Users/Kapoios/Documents/Unreal/zzzombie/Content/StarterContent/Textures/T_Perlin_Noise_M.uasset" 793
"../../../../../../Users/Kapoios/Documents/Unreal/zzzombie/Content/StarterContent/Materials/M_Brick_Cut_Stone.uasset" 794
"../../../../../../Users/Kapoios/Documents/Unreal/zzzombie/Content/Textures/Walls/stone-wall.uasset" 795
"../../../../../../Users/Kapoios/Documents/Unreal/zzzombie/Content/Blueprints/Walls/stoneWallBp.uasset" 796
"../../../../../../Users/Kapoios/Documents/Unreal/zzzombie/Content/Textures/Walls/farming-wooden-fence.uasset" 797
"../../../../../../Users/Kapoios/Documents/Unreal/zzzombie/Content/Blueprints/Walls/woodenWallBp.uasset" 798
"../../../../../../Users/Kapoios/Documents/Unreal/zzzombie/Content/MobileStarterContent/Maps/MainGameLevel_BuiltData.uasset" 799
"../../../Engine/Content/BasicShapes/BasicShapeMaterial.uasset" 800
"../../../../../../Users/Kapoios/Documents/Unreal/zzzombie/Content/rangeMat.uasset" 801
"../../../../../../Users/Kapoios/Documents/Unreal/zzzombie/Content/Textures/GroundMaterial.uasset" 802
"../../../Engine/Content/BasicShapes/Cube.uasset" 803
"../../../../../../Users/Kapoios/Documents/Unreal/zzzombie/Content/MobileStarterContent/Maps/MainGameLevel.umap" 804
